=== Product Image Scraper ===
Batch size: 20, Start page: 1, Dry run: false

Connected to MongoDB

── Page 1 (20 products) ──

[1] Caja Pvc FSS-12 2KO 1/2 (03-0323)
  Search query: "PVC Caja Pvc FSS-12 2KO 1/2 product"
  Found 31 candidate images
  Selected: https://images.thdstatic.com/productImages/11714624-c6dd-497d-ad22-e9fcb86e6456/... (30KB)
  ✓ Uploaded: https://d2gzblg3wmeecj.cloudfront.net/products/6969060cc47396962b81a89e/1775766483455-product.jpg

[2] Linemans Pliers 71/2 (032076068875)
  Search query: "13-GB-GS-387 Linemans Pliers 71/2 product"
  Found 24 candidate images
  Selected: https://cdn.menardc.com/main/items/media/GBELE001/ProductMedium/GS-387INS_HR.jpg... (6KB)
  ✓ Uploaded: https://d2gzblg3wmeecj.cloudfront.net/products/6969060cc47396962b81a89f/1775766486832-product.jpg

[3] Alum Splicer 6-4/0 GB (032076069049)
  Search query: "Liquidacion Alum Splicer 6-4/0 GB product"
  Found 33 candidate images
  Selected: https://images.thdstatic.com/productImages/578c809f-281d-419c-93ae-3e17268762cc/... (10KB)
  ✓ Uploaded: https://d2gzblg3wmeecj.cloudfront.net/products/6969060cc47396962b81a8a0/1775766489944-product.jpg

[4] Cable Clamp 3/4 (032076555757)
  Search query: "GB Cable Clamp 3/4 product"
  Found 31 candidate images
  Selected: https://images.thdstatic.com/productImages/d1b9d5a2-2b2d-4985-87c2-119c9d991e4a/... (16KB)
  ✓ Uploaded: https://d2gzblg3wmeecj.cloudfront.net/products/6969060cc47396962b81a8a1/1775766492860-product.jpg

[5] Adjustable Automatic Stripper (032076940645)
  Search query: "Herramienta Adjustable Automatic Stripper product"
  Found 33 candidate images
  Selected: https://images.homedepot-static.com/productImages/afc95f6a-7ff4-4ca8-87b4-ec4e5f... (65KB)
  ✓ Uploaded: https://d2gzblg3wmeecj.cloudfront.net/products/6969060cc47396962b81a8a2/1775766495919-product.jpg

[6] PVC Raiser Cover  4X4 1G 1/4 (04-0046)
  Search query: "04-0046 PVC Raiser Cover 4X4 1G 1/4 product"
  Found 33 candidate images
  Selected: https://images.thdstatic.com/productImages/be517edc-4521-4699-8f21-177a272b6644/... (11KB)
  ✓ Uploaded: https://d2gzblg3wmeecj.cloudfront.net/products/6969060cc47396962b81a8a3/1775766499040-product.jpg

[7] Caja Pvc 2x4 KO COMB (04-0047)
  Search query: "PVC Caja Pvc 2x4 KO COMB product"
  Found 32 candidate images
  Selected: https://www.distribuidoranacional.com.co/wp-content/uploads/2024/04/caja-rectang... (11KB)
  ✓ Uploaded: https://d2gzblg3wmeecj.cloudfront.net/products/6969060cc47396962b81a8a4/1775766502005-product.jpg

[8] Caja Pvc 4x4 KO COMB (04-0048)
  Search query: "PVC Caja Pvc 4x4 KO COMB product"
  Found 34 candidate images
  Selected: https://www.relec.com.co/410-large_default/caja-pvc-2400-4x4-retie-proelectricos... (140KB)
  ✓ Uploaded: https://d2gzblg3wmeecj.cloudfront.net/products/6969060cc47396962b81a8a5/1775766506977-product.png

[9] Caja Pvc Oct KO Comb (04-0049)
  Search query: "PVC Caja Pvc Oct KO Comb product"
  Found 30 candidate images
  Selected: https://fyeel.com.co/16621-large_default/caja-pvc-octogonal.jpg... (12KB)
  ✓ Uploaded: https://d2gzblg3wmeecj.cloudfront.net/products/6969060cc47396962b81a8a6/1775766510525-product.jpg

[10] PVC J Box 4X4X2 (04-0050)
  Search query: "PVC PVC J Box 4X4X2 product"
  Found 32 candidate images
  Selected: https://cdn11.bigcommerce.com/s-oslwx01b10/products/113442/images/433558/51e0xiG... (17KB)
  ✓ Uploaded: https://d2gzblg3wmeecj.cloudfront.net/products/6969060cc47396962b81a8a7/1775766513384-product.jpg

[11] PVC J Box 4X4X4 (04-0051)
  Search query: "PVC PVC J Box 4X4X4 product"
  Found 34 candidate images
  Selected: https://s7d2.scene7.com/is/image/homedepotcanada/p_1000403715.jpg... (27KB)
  ✓ Uploaded: https://d2gzblg3wmeecj.cloudfront.net/products/6969060cc47396962b81a8a8/1775766517201-product.webp

[12] Caja Pvc FSC-12 2K/O 1/2 (03-0324)
  Search query: "PVC Caja Pvc FSC-12 2K/O 1/2 product"
  Found 31 candidate images
  Selected: https://images.thdstatic.com/productImages/11714624-c6dd-497d-ad22-e9fcb86e6456/... (14KB)
  ✓ Uploaded: https://d2gzblg3wmeecj.cloudfront.net/products/6969060cc47396962b81a8a9/1775766520092-product.jpg

[13] PVC J Box 5X5X2 (04-0052)
  Search query: "PVC PVC J Box 5X5X2 product"
  Found 34 candidate images
  Selected: https://m.media-amazon.com/images/S/aplus-media-library-service-media/16572ad2-5... (346KB)
  ✓ Uploaded: https://d2gzblg3wmeecj.cloudfront.net/products/6969060cc47396962b81a8aa/1775766523198-product.jpg

[14] PVC J Box 6X6X4 (04-0053)
  Search query: "PVC PVC J Box 6X6X4 product"
  Found 34 candidate images
  Selected: https://www.magikist.com/uploads/catalog_product/elcbox_jb664.t1616620052.jpg... (13KB)
  ✓ Uploaded: https://d2gzblg3wmeecj.cloudfront.net/products/6969060cc47396962b81a8ab/1775766526893-product.jpg

[15] PVC J Box 6X6X6 (04-0054)
  Search query: "PVC PVC J Box 6X6X6 product"
  Found 35 candidate images
  Selected: https://m.media-amazon.com/images/I/51F6S4skG1L._AC_SL1000_.jpg... (26KB)
  ✓ Uploaded: https://d2gzblg3wmeecj.cloudfront.net/products/6969060cc47396962b81a8ac/1775766529786-product.jpg

[16] PVC J Box 8x8x4 (04-0055)
  Search query: "PVC PVC J Box 8x8x4 product"
  Found 34 candidate images
  Selected: https://rspsupply.com/images/product/medium/Stahlin-J884PVC.jpg... (9KB)
  ✓ Uploaded: https://d2gzblg3wmeecj.cloudfront.net/products/6969060cc47396962b81a8ad/1775766532743-product.jpg

[17] PVC J Box 8x8x6 (04-0056)
  Search query: "PVC PVC J Box 8x8x6 product"
  Found 34 candidate images
  Selected: https://www.mssupply.com/lowres/midstate/large/CPJB-8X8X6.jpg... (14KB)
  ✓ Uploaded: https://d2gzblg3wmeecj.cloudfront.net/products/6969060cc47396962b81a8ae/1775766535706-product.jpg

[18] PVC J Box 12x12x4 (04-0057-)
  Search query: "PVC PVC J Box 12x12x4 product"
  Found 31 candidate images
  Selected: https://images.thdstatic.com/productImages/69ba04ac-8436-4ffe-ae19-d860eb6b240a/... (8KB)
  ✓ Uploaded: https://d2gzblg3wmeecj.cloudfront.net/products/6969060cc47396962b81a8af/1775766538837-product.jpg

[19] PVC J Box 12x12x6 (04-0058)
  Search query: "PVC PVC J Box 12x12x6 product"
  Found 35 candidate images
  Selected: https://mobileimages.lowes.com/productimages/b61abad2-273d-4b6f-a6c4-87756f93c2c... (74KB)
  ✓ Uploaded: https://d2gzblg3wmeecj.cloudfront.net/products/6969060cc47396962b81a8b0/1775766541860-product.jpg

[20] PVC Pull Elbow 1/2" - 3/4" (04-0070)
  Search query: "PVC PVC Pull Elbow 1/2" - 3/4" product"
  Found 33 candidate images
  Selected: https://images.thdstatic.com/productImages/de716c88-4cf2-4e59-a5ef-84d5025eff3b/... (7KB)
  ✓ Uploaded: https://d2gzblg3wmeecj.cloudfront.net/products/6969060cc47396962b81a8b2/1775766544804-product.jpg

── Page 2 (20 products) ──

[21] Splice Conn Ins # 2 -#2 (05-BURNDY-ES2W2W)
  Search query: "Splice Conn Ins # 2 -#2 product"
  No images found
  ✗ No image found

[22] Cable TFN #16 Black (06-0040)
  Search query: "Cable Cable TFN #16 Black product"
  Found 29 candidate images
  Selected: https://cdn.automationdirect.com/images/products/large/l_tffn16bk25.jpg... (164KB)
  ✓ Uploaded: https://d2gzblg3wmeecj.cloudfront.net/products/6969060cc47396962b81a9ea/1775766550107-product.jpg

[23] Cable TFN #16 White (06-0041)
  Search query: "Cable Cable TFN #16 White product"
  Found 33 candidate images
  Selected: https://images.thdstatic.com/productImages/ff97763e-d717-4965-a17d-10096bf77081/... (21KB)
  ✓ Uploaded: https://d2gzblg3wmeecj.cloudfront.net/products/6969060cc47396962b81a9ec/1775766553239-product.jpg

[24] Cable UF 12/2 W/Ground-R (06-0048)
  Search query: "Cableria Cable UF 12/2 W/Ground-R product"
  Found 28 candidate images
  Selected: https://images.thdstatic.com/productImages/fcf04eb2-9b77-43e1-8834-7e4bab75bd4f/... (94KB)
  ✓ Uploaded: https://d2gzblg3wmeecj.cloudfront.net/products/6969060cc47396962b81a9ed/1775766556396-product.jpg

[25] Cable UF 14/2 W/Ground-U (06-0048-2)
  Search query: "Cableria Cable UF 14/2 W/Ground product"
  Found 30 candidate images
  Selected: https://images.thdstatic.com/productImages/41dc5e82-77bc-4509-acf6-95d3d17a2b87/... (74KB)
  ✓ Uploaded: https://d2gzblg3wmeecj.cloudfront.net/products/6969060cc47396962b81a9ee/1775766559494-product.jpg

[26] Cable THHN #250 MCM (06-0100)
  Search query: "Cable Cable THHN #250 MCM 250 product"
  Found 31 candidate images
  Selected: https://disensa.com.ec/producto/cable-thhn-250-mcm-37-hilos-awg-100m-electrocabl... (268KB)
  ✓ Uploaded: https://d2gzblg3wmeecj.cloudfront.net/products/6969060cc47396962b81a9ef/1775766563018-product.jpg

[27] Cable THHN #350 MCM (06-0101)
  Search query: "Cable Cable THHN #350 MCM 350 product"
  Found 32 candidate images
  Selected: https://construccionbim.com.mx/832-large_default/cable-thhn-350-mcm-general-c-me... (14KB)
  ✓ Uploaded: https://d2gzblg3wmeecj.cloudfront.net/products/6969060cc47396962b81a9f0/1775766566614-product.jpg

[28] Cable THHN # 500 MCM (06-0102)
  Search query: "Cable Cable THHN # 500 MCM 500 product"
  Found 33 candidate images
  Selected: https://images.thdstatic.com/productImages/e2e32567-e5ff-4336-b666-a3657ecad806/... (39KB)
  ✓ Uploaded: https://d2gzblg3wmeecj.cloudfront.net/products/6969060cc47396962b81a9f1/1775766569701-product.jpg

[29] Cable RHH # 4 (06-0108)
  Search query: "Cable Cable RHH # 4 product"
  Found 29 candidate images
  Selected: https://image.made-in-china.com/2f0j00ijlbRNfnlCok/600-1000V-Copper-Xhhw-Xhhw-2-... (74KB)
  ✓ Uploaded: https://d2gzblg3wmeecj.cloudfront.net/products/6969060cc47396962b81a9f2/1775766572428-product.jpg

[30] Cable RHH # 2 (06-0109)
  Search query: "Cable Cable RHH # 2 product"
  Found 30 candidate images
  Selected: https://i0.wp.com/viakon.com/wp-content/uploads/2021/03/CabledeCobreRHHRHW2EPRXL... (17KB)
  ✓ Uploaded: https://d2gzblg3wmeecj.cloudfront.net/products/6969060cc47396962b81a9f3/1775766575727-product.jpg

[31] Cable RHH 3/0 (06-0112)
  Search query: "Cable Cable RHH 3/0 product"
  Found 27 candidate images
  Selected: https://image.made-in-china.com/2f0j00ijlbRNfnlCok/600-1000V-Copper-Xhhw-Xhhw-2-... (74KB)
  ✓ Uploaded: https://d2gzblg3wmeecj.cloudfront.net/products/6969060cc47396962b81a9f4/1775766578409-product.jpg

[32] Cable Categoria 6 Exterior (06-0113)
  Search query: "Cable Cable Categoria 6 Exterior product"
  Found 34 candidate images
  Selected: https://ferreteriavidri.com/images/items/large/412051.jpg... (230KB)
  ✓ Uploaded: https://d2gzblg3wmeecj.cloudfront.net/products/6969060cc47396962b81a9f5/1775766581883-product.jpg

[33] Biberones 1/0 URD27 (05-BURNDY-RYA25UCR)
  Search query: "Material de Linea Biberones 1/0 URD27 product"
  Found 30 candidate images
  Selected: https://i5.walmartimages.com.mx/mg/gm/1p/images/product-images/img_large/0075022... (57KB)
  ✓ Uploaded: https://d2gzblg3wmeecj.cloudfront.net/products/6969060cc47396962b81a9f6/1775766585215-product.jpg

[34] # 2 - 15 KV Shielded (06-0118)
  Search query: "Cableria # 2 - 15 KV Shielded product"
  Found 30 candidate images
  Selected: https://nassaunationalcable.com/cdn/shop/products/Picsart_22-07-20_14-55-28-348_... (49KB)
  ✓ Uploaded: https://d2gzblg3wmeecj.cloudfront.net/products/6969060cc47396962b81a9f7/1775766588226-product.jpg

[35] # 4/0 - 15 KV Shielded (06-0120)
  Search query: "Cable # 4/0 - 15 KV Shielded 131 product"
  Found 34 candidate images
  Selected: https://5.imimg.com/data5/SELLER/Default/2024/1/376705831/BS/AE/CU/14695593/4-co... (182KB)
  ✓ Uploaded: https://d2gzblg3wmeecj.cloudfront.net/products/6969060cc47396962b81a9f8/1775766591636-product.png

[36] Triplex # 6 Voluta Trenza (06-0131)
  Search query: "Cable Triplex # 6 Voluta Trenza product"
  Found 34 candidate images
  Selected: https://www.grupodebiase.com/14507-large_default/cables-cable-6-triplex-metros.j... (44KB)
  ✓ Uploaded: https://d2gzblg3wmeecj.cloudfront.net/products/6969060cc47396962b81a9f9/1775766594638-product.jpg

[37] Triplex # 4 Periwinke Trenza (06-0132)
  Search query: "Cable Triplex # 4 Periwinke Trenza product"
  Found 31 candidate images
  Selected: https://m.media-amazon.com/images/S/aplus-media-library-service-media/fadcbb4f-f... (100KB)
  ✓ Uploaded: https://d2gzblg3wmeecj.cloudfront.net/products/6969060cc47396962b81a9fa/1775766597450-product.jpg

[38] Triplex # 2 Conch Trenza (06-0133)
  Search query: "Cable Triplex # 2 Conch Trenza product"
  Found 34 candidate images
  Selected: https://ferreteriavidri.com/images/items/large/401091.jpg... (96KB)
  ✓ Uploaded: https://d2gzblg3wmeecj.cloudfront.net/products/6969060cc47396962b81a9fb/1775766600257-product.jpg

[39] Triplex # 3/0 Mursia Trenza (06-0135)
  Search query: "Cable Triplex # 3/0 Mursia Trenza product"
  Found 34 candidate images
  Selected: https://static.arnoldcable.com/wp-content/uploads/zmlcable/1000V-Conductor-Trenz... (55KB)
  ✓ Uploaded: https://d2gzblg3wmeecj.cloudfront.net/products/6969060cc47396962b81a9fd/1775766603414-product.jpg

[40] AAAC # 3/0 Amherst (06-0144)
  Search query: "06-0144 AAAC # 3/0 Amherst product"
  Found 35 candidate images
  Selected: https://sc04.alicdn.com/kf/A9a3fdf423f6c4ed9bfaa395f0f37e600y/223391908/A9a3fdf4... (31KB)
  ✓ Uploaded: https://d2gzblg3wmeecj.cloudfront.net/products/6969060cc47396962b81aa00/1775766606390-product.webp

── Page 3 (20 products) ──

[41] Tornillo Galv 3/8 x 1-1/4 " (07-0135)
  Search query: "Tornilleria Tornillo Galv 3/8 x 1-1/4 " product"
  Found 35 candidate images
  Selected: https://ferreteriavidri.com/images/items/large/30098.jpg... (56KB)
  ✓ Uploaded: https://d2gzblg3wmeecj.cloudfront.net/products/6969060cc47396962b81aa9b/1775766609079-product.jpg

[42] Beam Clamp 1/4 (07-0230)
  Search query: "07-0230 Beam Clamp 1/4 product"
  Found 30 candidate images
  Selected: https://images.homedepot-static.com/productImages/758d4256-5a66-4fb3-950b-cc49ae... (53KB)
  ✓ Uploaded: https://d2gzblg3wmeecj.cloudfront.net/products/6969060cc47396962b81ab1d/1775766611943-product.jpg

[43] Jr. Top Beam Clamps 1/2 (07-0234)
  Search query: "07-0234 Jr. Top Beam Clamps 1/2 product"
  Found 34 candidate images
  Selected: https://images.thdstatic.com/productImages/1f23a355-45aa-43b7-8e65-429300950005/... (49KB)
  ✓ Uploaded: https://d2gzblg3wmeecj.cloudfront.net/products/6969060cc47396962b81ab21/1775766614828-product.jpg

[44] W.Way 4 x 4 x 24 N1 (07-0252)
  Search query: "Metal W.Way 4 x 4 x 24 N1 product"
  Found 32 candidate images
  Selected: https://m.media-amazon.com/images/I/71HdGnui9rL._AC_SL1500_.jpg... (163KB)
  ✓ Uploaded: https://d2gzblg3wmeecj.cloudfront.net/products/6969060cc47396962b81ab29/1775766618189-product.jpg

[45] W.Way 4 x 4 x 48 N1 (07-0254)
  Search query: "Metal W.Way 4 x 4 x 48 N1 product"
  Found 32 candidate images
  Selected: https://www.zoro.com/static/cms/product/large/Z0q48zncpEx_.JPG... (8KB)
  ✓ Uploaded: https://d2gzblg3wmeecj.cloudfront.net/products/6969060cc47396962b81ab2b/1775766621444-product.jpg

[46] Teck 12 x 1" (07-0210)
  Search query: "Tornilleria Teck 12 x 1" product"
  Found 31 candidate images
  Selected: https://images.thdstatic.com/productImages/7b075766-ea3b-4b49-a1dc-9ec3aaebf48e/... (59KB)
  ✓ Uploaded: https://d2gzblg3wmeecj.cloudfront.net/products/6969060cc47396962b81ab2d/1775766624269-product.jpg

[47] W.Way 6 x 6 x 36 N1 (07-0258)
  Search query: "Metal W.Way 6 x 6 x 36 N1 product"
  Found 30 candidate images
  Selected: https://mobileimages.lowes.com/productimages/7e0bdb90-3a0b-4e1a-b5de-0a14000e343... (26KB)
  ✓ Uploaded: https://d2gzblg3wmeecj.cloudfront.net/products/6969060cc47396962b81ab30/1775766627236-product.png

[48] W.Way 6 x 6 x 48 N1 (07-0259)
  Search query: "Metal W.Way 6 x 6 x 48 N1 product"
  Found 31 candidate images
  Selected: https://images.thdstatic.com/productImages/b611ee6e-2e81-4380-8f04-f62f489f995f/... (6KB)
  ✓ Uploaded: https://d2gzblg3wmeecj.cloudfront.net/products/6969060cc47396962b81ab31/1775766630184-product.jpg

[49] W.Way 4 x 4 x 12 N3R (07-0260)
  Search query: "Metal W.Way 4 x 4 x 12 N3R product"
  Found 33 candidate images
  Selected: https://images.thdstatic.com/productImages/a31c025f-257e-4daa-bdee-d72f757c60e2/... (16KB)
  ✓ Uploaded: https://d2gzblg3wmeecj.cloudfront.net/products/6969060cc47396962b81ab32/1775766633076-product.jpg

[50] W.Way 4 x 4 x18 N3R (07-0261)
  Search query: "Metal W.Way 4 x 4 x18 N3R product"
  Found 35 candidate images
  Selected: https://images.thdstatic.com/productImages/a31c025f-257e-4daa-bdee-d72f757c60e2/... (16KB)
  ✓ Uploaded: https://d2gzblg3wmeecj.cloudfront.net/products/6969060cc47396962b81ab33/1775766635927-product.jpg

[51] W.Way 4 x 4 x 24 N3R (07-0262)
  Search query: "Metal W.Way 4 x 4 x 24 N3R product"
  Found 34 candidate images
  Selected: https://images.thdstatic.com/productImages/a31c025f-257e-4daa-bdee-d72f757c60e2/... (16KB)
  ✓ Uploaded: https://d2gzblg3wmeecj.cloudfront.net/products/6969060cc47396962b81ab34/1775766638651-product.jpg

[52] W.Way 4 x 4 x 36 N3R (07-0263)
  Search query: "Metal W.Way 4 x 4 x 36 N3R product"
  Found 32 candidate images
  Selected: https://images.thdstatic.com/productImages/a31c025f-257e-4daa-bdee-d72f757c60e2/... (16KB)
  ✓ Uploaded: https://d2gzblg3wmeecj.cloudfront.net/products/6969060cc47396962b81ab35/1775766641449-product.jpg

[53] W.Way 4 x 4 x 48 N3 (07-0263-1)
  Search query: "Metal W.Way 4 x 4 x 48 N3 product"
  Found 32 candidate images
  Selected: https://www.zoro.com/static/cms/product/large/Z0q48zncpEx_.JPG... (8KB)
  ✓ Uploaded: https://d2gzblg3wmeecj.cloudfront.net/products/6969060cc47396962b81ab36/1775766644395-product.jpg

[54] W.Way 6 x 6 x 12 N3R (07-0264)
  Search query: "Metal W.Way 6 x 6 x 12 N3R product"
  Found 35 candidate images
  Selected: https://images.thdstatic.com/productImages/9a69f7b0-4121-4886-9124-6ce3042d7ca3/... (16KB)
  ✓ Uploaded: https://d2gzblg3wmeecj.cloudfront.net/products/6969060cc47396962b81ab37/1775766647197-product.jpg

[55] Teck 12 x 1-1/4" (07-0211)
  Search query: "Tornilleria Teck 12 x 1-1/4" product"
  Found 35 candidate images
  Selected: https://cdn.shopify.com/s/files/1/0507/0199/2128/products/61Of83uTHgL._AC_UF1000... (38KB)
  ✓ Uploaded: https://d2gzblg3wmeecj.cloudfront.net/products/6969060cc47396962b81ab38/1775766650182-product.jpg

[56] W.Way 6 x 6 x 18 N3R (07-0265)
  Search query: "Metal W.Way 6 x 6 x 18 N3R product"
  Found 33 candidate images
  Selected: https://images.thdstatic.com/productImages/4c7f0aab-6deb-4ced-93e9-71cc44707843/... (6KB)
  ✓ Uploaded: https://d2gzblg3wmeecj.cloudfront.net/products/6969060cc47396962b81ab39/1775766653148-product.jpg

[57] W.Way 6 x 6 x 24 N3R (07-0266)
  Search query: "Metal W.Way 6 x 6 x 24 N3R product"
  Found 32 candidate images
  Selected: https://images.thdstatic.com/productImages/9a69f7b0-4121-4886-9124-6ce3042d7ca3/... (16KB)
  ✓ Uploaded: https://d2gzblg3wmeecj.cloudfront.net/products/6969060cc47396962b81ab3a/1775766656020-product.jpg

[58] W.Way 6 x 6 x 36 N3R (07-0267)
  Search query: "Metal W.Way 6 x 6 x 36 N3R product"
  Found 33 candidate images
  Selected: https://images.thdstatic.com/productImages/9a69f7b0-4121-4886-9124-6ce3042d7ca3/... (16KB)
  ✓ Uploaded: https://d2gzblg3wmeecj.cloudfront.net/products/6969060cc47396962b81ab3b/1775766658679-product.jpg

[59] W.Way 6 x 6 x 48 N3R (07-0268)
  Search query: "Metal W.Way 6 x 6 x 48 N3R product"
  Found 34 candidate images
  Selected: https://images.thdstatic.com/productImages/4c7f0aab-6deb-4ced-93e9-71cc44707843/... (6KB)
  ✓ Uploaded: https://d2gzblg3wmeecj.cloudfront.net/products/6969060cc47396962b81ab3c/1775766661479-product.jpg

[60] W.Way 12 x12 x 48 N3R (07-0269)
  Search query: "Metal W.Way 12 x12 x 48 N3R product"
  Found 31 candidate images
  Selected: https://images.thdstatic.com/productImages/a31c025f-257e-4daa-bdee-d72f757c60e2/... (6KB)
  ✓ Uploaded: https://d2gzblg3wmeecj.cloudfront.net/products/6969060cc47396962b81ab3d/1775766664551-product.jpg

── Page 4 (20 products) ──

[61] Twist Lock L1430R 30A (08-0043)
  Search query: "Planta Twist Lock L1430R 30A 1430R product"
  Found 26 candidate images
  Selected: https://store.elegrp.com/cdn/shop/products/41_FenBexhL_large.jpg?v=1695797654... (24KB)
  ✓ Uploaded: https://d2gzblg3wmeecj.cloudfront.net/products/6969060cc47396962b81abdf/1775766668169-product.jpg
Skipping Recep GF 15A 125V WH (already processed)

[62] Current Tap Con Cadena (08-0150)
  Search query: "08-0150 Current Tap Con Cadena product"
  Found 31 candidate images
  Selected: https://cdn.automationdirect.com/images/products/large/l_ctf5rl0150.jpg... (74KB)
  ✓ Uploaded: https://d2gzblg3wmeecj.cloudfront.net/products/6969060cc47396962b81ac58/1775766670889-product.jpg

[63] Plug Armado 2809 20A/125V M (08-0180)
  Search query: "Planta Amarillo Plug Armado 2809 20A/125V M 2809 product"
  Found 34 candidate images
  Selected: https://images.thdstatic.com/productImages/0301b8e1-2e44-479d-88dc-48e29d340061/... (17KB)
  ✓ Uploaded: https://d2gzblg3wmeecj.cloudfront.net/products/6969060cc47396962b81ac6e/1775766673841-product.jpg

[64] Plate 6G Single Switch 8816-W (08-0111-1)
  Search query: "Enerlites Plate 6G Single Switch 8816-W 8816 product"
  Found 24 candidate images
  Selected: https://images.thdstatic.com/productImages/8bd4942a-8567-4134-ae3b-afcb78ff62fc/... (8KB)
  ✓ Uploaded: https://d2gzblg3wmeecj.cloudfront.net/products/6969060cc47396962b81ac6f/1775766676734-product.jpg

[65] Plug Armado 2866 15A / 250V (08-0181)
  Search query: "Planta Amarillo Plug Armado 2866 15A / 250V 2866 product"
  Found 32 candidate images
  Selected: https://d34fyu2ua7aizz.cloudfront.net/images/product/44/large/ts_image_648a43a34... (20KB)
  ✓ Uploaded: https://d2gzblg3wmeecj.cloudfront.net/products/6969060cc47396962b81ac70/1775766679698-product.jpg

[66] Plug Armado 2887 15A/125V Hemb (08-0181-1)
  Search query: "Planta Plug Armado 2887 15A/125V Hemb 2887 product"
  Found 33 candidate images
  Selected: https://www.elliottelectric.com/Media/2887B0X-EWD-0-5-LargeImage.jpg... (43KB)
  ✓ Uploaded: https://d2gzblg3wmeecj.cloudfront.net/products/6969060cc47396962b81ac71/1775766683029-product.jpg

[67] Power Outlet Box 50A N3 66500M (08-0181-2)
  Search query: "Enerlites Power Outlet Box 50A N3 66500M 66500M product"
  Found 26 candidate images
  Selected: https://images.thdstatic.com/productImages/70b6989f-7ef4-43ea-8653-d2be4a388c81/... (18KB)
  ✓ Uploaded: https://d2gzblg3wmeecj.cloudfront.net/products/6969060cc47396962b81ac72/1775766686037-product.jpg

[68] Ground Adapter 3 a 2 (08-0183-1)
  Search query: "Bronce Ground Adapter 3 a 2 product"
  Found 30 candidate images
  Selected: https://images.thdstatic.com/productImages/90f4941a-fc39-4fea-acd2-45f414ac1a46/... (58KB)
  ✓ Uploaded: https://d2gzblg3wmeecj.cloudfront.net/products/6969060cc47396962b81ac73/1775766689067-product.jpg

[69] Extencion Gris 14/3  3 FT (08-0184)
  Search query: "Extensiones Extencion Gris 14/3 3 FT product"
  Found 33 candidate images
  Selected: https://images.thdstatic.com/productImages/3ccbbf4a-df13-4600-9b6f-a2131f75cdf6/... (38KB)
  ✓ Uploaded: https://d2gzblg3wmeecj.cloudfront.net/products/6969060cc47396962b81ac74/1775766691947-product.jpg

[70] Extencion Gris 14/3 6 FT (08-0185)
  Search query: "Extensiones Extencion Gris 14/3 6 FT product"
  Found 32 candidate images
  Selected: https://images.thdstatic.com/productImages/7dd86334-a9fb-4943-bd72-fb508ab7312d/... (18KB)
  ✓ Uploaded: https://d2gzblg3wmeecj.cloudfront.net/products/6969060cc47396962b81ac75/1775766694854-product.jpg

[71] Extencion Gris 14/3 9 FT (08-0186)
  Search query: "Extensiones Extencion Gris 14/3 9 FT product"
  Found 34 candidate images
  Selected: https://images.thdstatic.com/productImages/7dd86334-a9fb-4943-bd72-fb508ab7312d/... (18KB)
  ✓ Uploaded: https://d2gzblg3wmeecj.cloudfront.net/products/6969060cc47396962b81ac76/1775766697802-product.jpg

[72] Extencion Gris 14/3 15 FT (08-0187)
  Search query: "Extensiones Extencion Gris 14/3 15 FT product"
  Found 33 candidate images
  Selected: https://images.thdstatic.com/productImages/661db42f-acd5-4dd3-8554-67a51f655b7b/... (33KB)
  ✓ Uploaded: https://d2gzblg3wmeecj.cloudfront.net/products/6969060cc47396962b81ac77/1775766700532-product.jpg

[73] Extencion Gris 14/3 20 FT (08-0188)
  Search query: "Extensiones Extencion Gris 14/3 20 FT product"
  Found 30 candidate images
  Selected: https://images.thdstatic.com/productImages/5b22fe4a-5730-4b31-9842-ef8a6f7ffe3a/... (31KB)
  ✓ Uploaded: https://d2gzblg3wmeecj.cloudfront.net/products/6969060cc47396962b81ac78/1775766704106-product.jpg

[74] Extension 16/3 50 FT (08-0199)
  Search query: "08-0199 Extension 16/3 50 FT product"
  Found 22 candidate images
  Selected: https://images.thdstatic.com/productImages/965151d2-c584-4474-8827-7a45eb62c5e9/... (32KB)
  ✓ Uploaded: https://d2gzblg3wmeecj.cloudfront.net/products/6969060cc47396962b81ac79/1775766708359-product.jpg

[75] Plate 2x4 Duplex Recep IV (08-0112)
  Search query: "Enerlites Plate 2x4 Duplex Recep IV 8821-I product"
  Found 33 candidate images
  Selected: https://m.media-amazon.com/images/I/51nBpelkLDL._AC_SL1500_.jpg... (23KB)
  ✓ Uploaded: https://d2gzblg3wmeecj.cloudfront.net/products/6969060cc47396962b81ac7a/1775766711302-product.jpg

[76] Extencion 12/3 25 FT (08-0203)
  Search query: "08-0203 Extencion 12/3 25 FT product"
  Found 34 candidate images
  Selected: https://mobileimages.lowes.com/product/converted/054732/054732806867xl.jpg... (56KB)
  ✓ Uploaded: https://d2gzblg3wmeecj.cloudfront.net/products/6969060cc47396962b81ac7b/1775766716567-product.jpg

[77] Extencion 12/3 50 FT (08-0204)
  Search query: "08-0204 Extencion 12/3 50 FT product"
  Found 33 candidate images
  Selected: https://images.thdstatic.com/productImages/5598eecb-4bc5-40ed-91eb-810c2779d88e/... (89KB)
  ✓ Uploaded: https://d2gzblg3wmeecj.cloudfront.net/products/6969060cc47396962b81ac7c/1775766719507-product.jpg

[78] Rabiza Estufa 50Amp 4 hilos (08-0205-3)
  Search query: "08-0205-3 Rabiza Estufa 50Amp 4 hilos product"
  Found 35 candidate images
  Selected: https://mobileimages.lowes.com/productimages/2eadb5e3-0c34-4ae5-935d-253881f08f3... (26KB)
  ✓ Uploaded: https://d2gzblg3wmeecj.cloudfront.net/products/6969060cc47396962b81ac7d/1775766723112-product.jpg

[79] Timer Switch T101P 120V (08-0206-1)
  Search query: "Wiring Devices Timer Switch T101P 120V 120V product"
  Found 35 candidate images
  Selected: https://cdn11.bigcommerce.com/s-kyyt8tlqvd/products/411017/images/1600393/46fbc4... (31KB)
  ✓ Uploaded: https://d2gzblg3wmeecj.cloudfront.net/products/6969060cc47396962b81ac7e/1775766726067-product.jpg

── Page 5 (20 products) ──

[80] Satco Bulb Par 30NL CCT (11-S11585)
  Search query: "Satco Satco Bulb Par 30NL CCT 120 product"
  Found 30 candidate images
  Selected: https://i5.walmartimages.com/seo/Satco-PAR-30-LN-LED-Bulb-12-50-W-75-Incandescen... (70KB)
  ✓ Uploaded: https://d2gzblg3wmeecj.cloudfront.net/products/6969060dc47396962b81af5b/1775766728896-product.jpg

[81] Satco Bulb Par30 11W CCT (11-S11586)
  Search query: "Satco Satco Bulb Par30 11W CCT 120 product"
  Found 33 candidate images
  Selected: https://www.lighting2lightbulbs.com/media/catalog/product/cache/1/image/720x868/... (85KB)
  ✓ Uploaded: https://d2gzblg3wmeecj.cloudfront.net/products/6969060dc47396962b81af5c/1775766732183-product.jpg

[82] Satco 15W Par30 CCT (11-S39764)
  Search query: "Satco Satco 15W Par30 CCT 120-277 product"
  Found 30 candidate images
  Selected: https://mobileimages.lowes.com/productimages/13c3f41c-c553-49eb-a740-e773aafc4d3... (65KB)
  ✓ Uploaded: https://d2gzblg3wmeecj.cloudfront.net/products/6969060dc47396962b81afad/1775766736546-product.jpg

[83] Satco Heat lamp 125W S4750 (11-S4750)
  Search query: "Satco Satco Heat lamp 125W S4750 125W product"
  Found 34 candidate images
  Selected: https://i5.walmartimages.com/seo/Satco-Products-S4750-125R40-1-Medium-Base-Clear... (113KB)
  ✓ Uploaded: https://d2gzblg3wmeecj.cloudfront.net/products/6969060dc47396962b81afae/1775766739651-product.jpg

[84] Satco Corn 18W LED HID 5K (11-S49390)
  Search query: "Satco Satco Corn 18W LED HID 5K product"
  Found 35 candidate images
  Selected: https://www.elliottelectric.com/Media/S23151-SAT-0-5-LargeImage.jpg... (551KB)
  ✓ Uploaded: https://d2gzblg3wmeecj.cloudfront.net/products/6969060dc47396962b81afaf/1775766743394-product.jpg

[85] Satco LED 22W HiPro Md Base 5K (11-S49391)
  Search query: "Iluminacion Satco LED 22W HiPro Md Base 5K 5000K product"
  Found 34 candidate images
  Selected: https://m.media-amazon.com/images/I/61vZT1IdkQL._AC_SL1200_.jpg... (77KB)
  ✓ Uploaded: https://d2gzblg3wmeecj.cloudfront.net/products/6969060dc47396962b81afb0/1775766747100-product.jpg

[86] Satco Par 30 S29439 (11-S29439)
  Search query: "Satco Satco Par 30 S29439 5000K product"
  Found 28 candidate images
  Selected: https://images.thdstatic.com/productImages/39a20669-91db-4f87-82ac-3d4eebf3795a/... (15KB)
  ✓ Uploaded: https://d2gzblg3wmeecj.cloudfront.net/products/6969060dc47396962b81afb1/1775766750082-product.jpg

[87] Satco LED 36W HIb Med Base 5K (11-S49392)
  Search query: "Iluminacion Satco LED 36W HIb Med Base 5K 5000K product"
  Found 33 candidate images
  Selected: https://m.media-amazon.com/images/I/71JksdfRQfL._AC_SL1500_.jpg... (103KB)
  ✓ Uploaded: https://d2gzblg3wmeecj.cloudfront.net/products/6969060dc47396962b81afb2/1775766752847-product.jpg

[88] Satco LED 54W HiPro 5K (11-S49394)
  Search query: "Iluminacion Satco LED 54W HiPro 5K product"
  Found 35 candidate images
  Selected: https://m.media-amazon.com/images/I/31jlhK+qsXL._AC_.jpg... (12KB)
  ✓ Uploaded: https://d2gzblg3wmeecj.cloudfront.net/products/6969060dc47396962b81afb3/1775766755685-product.jpg

[89] Satco Bulb 18W Mini Spiral 3PK (11-S5541)
  Search query: "Iluminacion Satco Bulb 18W Mini Spiral 3PK 2700K product"
  Found 35 candidate images
  Selected: https://cdnimg.webstaurantstore.com/images/products/large/223652/1023272.jpg... (70KB)
  ✓ Uploaded: https://d2gzblg3wmeecj.cloudfront.net/products/6969060dc47396962b81afb4/1775766758420-product.jpg

[90] Satco 100W MH Mogul 4K (11-S5832)
  Search query: "Iluminacion Satco 100W MH Mogul 4K 100 product"
  Found 29 candidate images
  Selected: https://www.zoro.com/static/cms/product/large/Z4oy6_kcpIx_.JPG... (24KB)
  ✓ Uploaded: https://d2gzblg3wmeecj.cloudfront.net/products/6969060dc47396962b81afb5/1775766761738-product.jpg

[91] Satco 400W MH Mogul 4K ED37 (11-S5833)
  Search query: "Iluminacion Satco 400W MH Mogul 4K ED37 400 product"
  Found 31 candidate images
  Selected: https://mobileimages.lowes.com/productimages/e59f51dc-7aef-4e72-9251-4ca1bd0732a... (331KB)
  ✓ Uploaded: https://d2gzblg3wmeecj.cloudfront.net/products/6969060dc47396962b81afb6/1775766765294-product.jpg

[92] Satco Metal Halide 1500W Mogul (11-S5837)
  Search query: "Iluminacion Satco Metal Halide 1500W Mogul 1500 product"
  Found 33 candidate images
  Selected: https://www.buylightfixtures.com/productimages/BT56-Large.jpg... (16KB)
  ✓ Uploaded: https://d2gzblg3wmeecj.cloudfront.net/products/6969060dc47396962b81afb7/1775766768406-product.jpg

[93] Satco Metal Halide 1000W Mogul (11-S5845)
  Search query: "Iluminacion Satco Metal Halide 1000W Mogul 1000 product"
  Found 35 candidate images
  Selected: https://images.thdstatic.com/productImages/191a3fcc-945f-443b-a55a-f49532bf22d1/... (13KB)
  ✓ Uploaded: https://d2gzblg3wmeecj.cloudfront.net/products/6969060dc47396962b81afb8/1775766771803-product.jpg

[94] Satco 175W MH 4K E26 (11-S5862)
  Search query: "Satco Satco 175W MH 4K E26 175 product"
  Found 33 candidate images
  Selected: https://images.thdstatic.com/productImages/d2b2ddba-c799-42ca-950d-d9f69f9f05cb/... (21KB)
  ✓ Uploaded: https://d2gzblg3wmeecj.cloudfront.net/products/6969060dc47396962b81afb9/1775766774770-product.jpg

[95] Satco CFS13W/850 S8313 (11-S8313)
  Search query: "Satco Satco CFS13W/850 S8313 750Lumens product"
  Found 25 candidate images
  Selected: https://cdnimg.webstaurantstore.com/images/products/large/742350/2528699.jpg... (92KB)
  ✓ Uploaded: https://d2gzblg3wmeecj.cloudfront.net/products/6969060dc47396962b81afce/1775766777572-product.jpg

[96] Satco S8332 (11-S8332)
  Search query: "Satco Satco S8332 8332 product"
  Found 31 candidate images
  Selected: https://cdn.radwell.com/productlargeimages/0ca0ae278fdf456aaa6b79be4b5e990b.jpg... (28KB)
  ✓ Uploaded: https://d2gzblg3wmeecj.cloudfront.net/products/6969060dc47396962b81afcf/1775766780804-product.jpg

[97] Satco Tubo F17T8/841/ENV (11-S8406)
  Search query: "Satco Satco Tubo F17T8/841/ENV 841 product"
  Found 33 candidate images
  Selected: https://m.media-amazon.com/images/I/71SJQu5NwIL._AC_SL1500_.jpg... (91KB)
  ✓ Uploaded: https://d2gzblg3wmeecj.cloudfront.net/products/6969060dc47396962b81afd0/1775766784305-product.jpg

[98] 11-1 Screw And Nut Driver (13-GB-SCE-11)
  Search query: "GB 11-1 Screw And Nut Driver product"
  Found 29 candidate images
  Selected: https://images.thdstatic.com/productImages/2fee54d5-31d6-4d09-ba2a-49a8aa8b4134/... (24KB)
  ✓ Uploaded: https://d2gzblg3wmeecj.cloudfront.net/products/6969060dc47396962b81b0c0/1775766787304-product.jpg

[99] Breaker Zinsco 2P 30A Twin (15-9UBIZ3030)
  Search query: "Zinsco Breaker Zinsco 2P 30A Twin product"
  Found 32 candidate images
  Selected: https://images.thdstatic.com/productImages/71b0d407-a759-4bc5-a05e-ef4bf10684f4/... (18KB)
  ✓ Uploaded: https://d2gzblg3wmeecj.cloudfront.net/products/6969060dc47396962b81b132/1775766790203-product.jpg

── Page 6 (20 products) ──

[100] AL Disk Series 15w CCT (17-AL582555)
  Search query: "Iluminacion AL Disk Series 15w CCT product"
  Found 26 candidate images
  Selected: https://m.media-amazon.com/images/I/71XLJEQLUVL.jpg... (211KB)
  ✓ Uploaded: https://d2gzblg3wmeecj.cloudfront.net/products/6969060dc47396962b81b226/1775766794310-product.jpg

[101] AL Recessed Frameless 9w CCT (17-AL582780S)
  Search query: "Iluminacion AL Recessed Frameless 9w CCT product"
  Found 34 candidate images
  Selected: https://images.thdstatic.com/productImages/be7ed4b1-c007-44e6-a3b0-8e1b7947f08d/... (16KB)
  ✓ Uploaded: https://d2gzblg3wmeecj.cloudfront.net/products/6969060dc47396962b81b227/1775766797620-product.jpg

[102] AL Recessed Frameless 18w CCT (17-AL582781S)
  Search query: "Iluminacion AL Recessed Frameless 18w CCT product"
  Found 31 candidate images
  Selected: https://cdn.shopify.com/s/files/1/0608/0882/3017/products/40_large.png?v=1660055... (68KB)
  ✓ Uploaded: https://d2gzblg3wmeecj.cloudfront.net/products/6969060dc47396962b81b228/1775766800934-product.png

[103] AL Recessed Frameless 24w CCT (17-AL582782S)
  Search query: "Iluminacion AL Recessed Frameless 24w CCT product"
  Found 34 candidate images
  Selected: https://www.e-vatio.com/cdn/shop/products/40_31792b9f-e045-4c0a-b0d1-03f755c27b8... (68KB)
  ✓ Uploaded: https://d2gzblg3wmeecj.cloudfront.net/products/6969060dc47396962b81b229/1775766804031-product.png

[104] Frame Light 2X2 48W 3500k (17-8QZ596)
  Search query: "Iluminacion Frame Light 2X2 48W 3500k 3500k product"
  Found 32 candidate images
  Selected: https://m.media-amazon.com/images/I/61jaU1IGTgL.jpg... (128KB)
  ✓ Uploaded: https://d2gzblg3wmeecj.cloudfront.net/products/6969060dc47396962b81b22a/1775766807217-product.jpg

[105] LED Enclosed and Gasket 4FT (17-AL586355-SW)
  Search query: "Iluminacion LED Enclosed and Gasket 4FT product"
  Found 33 candidate images
  Selected: https://m.media-amazon.com/images/I/51zTaKPTIGL.jpg... (45KB)
  ✓ Uploaded: https://d2gzblg3wmeecj.cloudfront.net/products/6969060dc47396962b81b22b/1775766810126-product.jpg

[106] AL Down Light 6w 6k White (17-AL592243)
  Search query: "Iluminacion AL Down Light 6w 6k White product"
  Found 30 candidate images
  Selected: https://jandei.com/15517-large_default/downlight-led-redondo-blanco-empotrable-6... (20KB)
  ✓ Uploaded: https://d2gzblg3wmeecj.cloudfront.net/products/6969060dc47396962b81b22c/1775766813704-product.jpg

[107] AL Down Light 6w 6k Nickel (17-AL59225X)
  Search query: "Iluminacion AL Down Light 6w 6k Nickel 6000K product"
  Found 27 candidate images
  Selected: https://jandei.com/15516-large_default/downlight-led-redondo-blanco-empotrable-6... (20KB)
  ✓ Uploaded: https://d2gzblg3wmeecj.cloudfront.net/products/6969060dc47396962b81b22d/1775766816711-product.jpg

[108] AL Titan LX3 Pro Series CCT (17-AL674281)
  Search query: "Iluminacion AL Titan LX3 Pro Series CCT 110W product"
  Found 35 candidate images
  Selected: https://www.hockeyworld.com/common/images/products/large/warrior-alpha-lx3-pro-h... (70KB)
  ✓ Uploaded: https://d2gzblg3wmeecj.cloudfront.net/products/6969060dc47396962b81b22e/1775766819564-product.jpg

[109] AL Wall Pack MWC Series CCT (17-AL674382)
  Search query: "Iluminacion AL Wall Pack MWC Series CCT product"
  Found 28 candidate images
  Selected: https://www.buylightfixtures.com/productimages/Satco-LED-Wallpack-CCT-Watt-Large... (166KB)
  ✓ Uploaded: https://d2gzblg3wmeecj.cloudfront.net/products/6969060dc47396962b81b22f/1775766822351-product.png

[110] AL Canopy 50w White AL674441 (17-AL674441)
  Search query: "Iluminacion AL Canopy 50w White AL674441 674441 product"
  Found 33 candidate images
  Selected: https://images.thdstatic.com/productImages/4c7dc047-6642-4c66-ad44-93d9271b6406/... (5KB)
  ✓ Uploaded: https://d2gzblg3wmeecj.cloudfront.net/products/6969060dc47396962b81b230/1775766826108-product.jpg

[111] AL Canopy 75w Bronce 5K (17-AL674442B)
  Search query: "Americanlite AL Canopy 75w Bronce 5K product"
  Found 29 candidate images
  Selected: https://ak1.ostkcdn.com/images/products/is/images/direct/1d4649af466e64597521871... (17KB)
  ✓ Uploaded: https://d2gzblg3wmeecj.cloudfront.net/products/6969060dc47396962b81b231/1775766829078-product.jpg

[112] AL Titan Flex 100w 5k (17-AL674462)
  Search query: "Iluminacion AL Titan Flex 100w 5k 100w product"
  Found 35 candidate images
  Selected: https://commercialledlights.com/media/catalog/product/cache/33756f2c9c74c1c58536... (25KB)
  ✓ Uploaded: https://d2gzblg3wmeecj.cloudfront.net/products/6969060dc47396962b81b232/1775766832481-product.jpg

[113] AL Hooks for Titan Flex (17-AL674464)
  Search query: "Iluminacion AL Hooks for Titan Flex product"
  Found 26 candidate images
  Selected: https://cdn11.bigcommerce.com/s-fh5tkm/images/stencil/1920w/products/1249/21256/... (44KB)
  ✓ Uploaded: https://d2gzblg3wmeecj.cloudfront.net/products/6969060dc47396962b81b233/1775766835582-product.jpg

[114] AL Base Adapter Mogul (17-AL67465)
  Search query: "Iluminacion AL Base Adapter Mogul product"
  Found 27 candidate images
  Selected: https://images.thdstatic.com/productImages/a201e5e6-d927-4f51-baac-cf0cef7ca6e8/... (20KB)
  ✓ Uploaded: https://d2gzblg3wmeecj.cloudfront.net/products/6969060dc47396962b81b234/1775766838412-product.jpg

[115] LED Flood 200w Solar Camara (17-8SK01)
  Search query: "17-8SK01 LED Flood 200w Solar Camara 200w product"
  Found 35 candidate images
  Selected: https://milesolar.com/storage/product/32/200W solar flood light CCTV Camera outd... (81KB)
  ✓ Uploaded: https://d2gzblg3wmeecj.cloudfront.net/products/6969060dc47396962b81b235/1775766842341-product.jpg

[116] Flat Panel AL ECO 2X2 5K (17-AL674707)
  Search query: "Iluminacion Flat Panel AL ECO 2X2 5K 4000 product"
  Found 34 candidate images
  Selected: https://www.ledstore.org/img/metalux-2x2-led-light-fixture-3400-lumens-led-flat-... (5KB)
  ✓ Uploaded: https://d2gzblg3wmeecj.cloudfront.net/products/6969060dc47396962b81b236/1775766845556-product.jpg

[117] Run Cap 55 X 370/440 (19-55X370-440)
  Search query: "Contactor Run Cap 55 X 370/440 370 product"
  Found 33 candidate images
  Selected: https://i.ebayimg.com/images/g/jocAAOSwubtkH1FY/s-l1600.jpg... (271KB)
  ✓ Uploaded: https://d2gzblg3wmeecj.cloudfront.net/products/6969060dc47396962b81b2aa/1775766848466-product.jpg

[118] Turbo Tank Portablre AC/Washer (19-APP-TT-75)
  Search query: "19-APP-TT-75 Turbo Tank Portablre AC/Washer product"
  Found 31 candidate images
  Selected: https://m.media-amazon.com/images/I/71N4R5x3KGL._AC_SL1500_.jpg... (122KB)
  ✓ Uploaded: https://d2gzblg3wmeecj.cloudfront.net/products/6969060dc47396962b81b2b3/1775766851368-product.jpg

[119] Coil Bobine C-25/480V (19-CL2/480V)
  Search query: "Contactor Coil Bobine C-25/480V 480V product"
  Found 32 candidate images
  Selected: https://maraindustrial.com/83589-large_default/cutlerhammer-c25dnd225c-eaton-con... (144KB)
  ✓ Uploaded: https://d2gzblg3wmeecj.cloudfront.net/products/6969060dc47396962b81b2c2/1775766876805-product.jpg

── Page 7 (20 products) ──

[120] Solar Light 10 watts Flood (21-SFL-RGB)
  Search query: "21-SFL-RGB Solar Light 10 watts Flood product"
  Found 31 candidate images
  Selected: https://www.efficientexpress.co.za/wp-content/uploads/2018/08/products-1593.jpg... (59KB)
  ✓ Uploaded: https://d2gzblg3wmeecj.cloudfront.net/products/6969060dc47396962b81b3a1/1775766884786-product.jpg

[121] Solar Wall Lamp Fixture 5.5 (21-SSL-10W)
  Search query: "Iluminacion Solar Wall Lamp Fixture 5.5 product"
  Found 33 candidate images
  Selected: https://dubitrade.ae/3794-large_default/solar-interaction-wall-lamp-55v-15w.jpg... (53KB)
  ✓ Uploaded: https://d2gzblg3wmeecj.cloudfront.net/products/6969060dc47396962b81b3a2/1775766888338-product.jpg

[122] Lampara Solar 1100 lumens (21-TWISNPAD-10)
  Search query: "Lampara Solar 1100 lumens 1100 product"
  Found 35 candidate images
  Selected: https://images.thdstatic.com/productImages/4c86b48f-0ec8-474f-8e83-1ae5938dfece/... (13KB)
  ✓ Uploaded: https://d2gzblg3wmeecj.cloudfront.net/products/6969060dc47396962b81b3a3/1775766891324-product.jpg

[123] T&D Cable Cutter 2/0 (21-CABLECUTTER)
  Search query: "Greenlee T&D Cable Cutter 2/0 product"
  Found 32 candidate images
  Selected: https://aloufyelectricals.com/wp-content/uploads/2023/10/CABLE-CUTTER-1000MCM-RA... (232KB)
  ✓ Uploaded: https://d2gzblg3wmeecj.cloudfront.net/products/6969060dc47396962b81b3a4/1775766894782-product.png

[124] Led Corn 27w 3900lm Med 40708 (23-0024)
  Search query: "23-0024 Led Corn 27w 3900lm Med 40708 3900lm product"
  Found 34 candidate images
  Selected: https://www.touchplateled.com/wp-content/uploads/product.dimmensions-800x428.jpg... (35KB)
  ✓ Uploaded: https://d2gzblg3wmeecj.cloudfront.net/products/6969060dc47396962b81b3a5/1775766898147-product.jpg

[125] AC/DC Clamp On Digital 1000A (23-3280-10F)
  Search query: "Hioki AC/DC Clamp On Digital 1000A 3280-10F product"
  Found 35 candidate images
  Selected: https://thietbidainam.vn/1115-large_default/hioki-3280-10f-clamp-ampere-measurem... (64KB)
  ✓ Uploaded: https://d2gzblg3wmeecj.cloudfront.net/products/6969060dc47396962b81b3a6/1775766902896-product.jpg

[126] Non Metalic Voltage Tester (23-3481-20)
  Search query: "GE Non Metalic Voltage Tester 3481 product"
  Found 33 candidate images
  Selected: https://industrytechstore.com/storage/products/2023/11/3481-20/3481-20.jpg... (61KB)
  ✓ Uploaded: https://d2gzblg3wmeecj.cloudfront.net/products/6969060dc47396962b81b3a7/1775766907347-product.jpg

[127] Tester Lead (23-L9207-10)
  Search query: "Hioki Tester Lead 9207-10 product"
  Found 33 candidate images
  Selected: https://cdn11.bigcommerce.com/s-8ilgaer53s/images/stencil/1280x1280/products/270... (103KB)
  ✓ Uploaded: https://d2gzblg3wmeecj.cloudfront.net/products/6969060dc47396962b81b3a8/1775766910394-product.jpg

[128] Tester Lead 3280 (23-L9208)
  Search query: "Hioki Tester Lead 3280 9208 product"
  Found 33 candidate images
  Selected: https://www.globaltestsupply.com/images/products/cache/hioki/test_lead/l9208/mai... (11KB)
  ✓ Uploaded: https://d2gzblg3wmeecj.cloudfront.net/products/6969060dc47396962b81b3a9/1775766924594-product.jpg

[129] Non Contact P Rotation Meter (23-PD3129-10)
  Search query: "23-PD3129-10 Non Contact P Rotation Meter product"
  Found 19 candidate images
  Selected: https://uk.farnell.com/productimages/large/en_GB/3234200-500.jpg... (43KB)
  ✓ Uploaded: https://d2gzblg3wmeecj.cloudfront.net/products/6969060dc47396962b81b3aa/1775766928329-product.jpg

[130] Mounting Repair Box  2 x 4 (24-0001)
  Search query: "Tornilleria Mounting Repair Box 2 x 4 product"
  Found 35 candidate images
  Selected: https://navalchicolino.com/wp-content/uploads/2023/04/bx1000_1-1024x1024.jpg... (54KB)
  ✓ Uploaded: https://d2gzblg3wmeecj.cloudfront.net/products/6969060dc47396962b81b3ab/1775766932769-product.jpg

[131] Mounting Repair Box 4 x 4 (24-0002)
  Search query: "Tornilleria Mounting Repair Box 4 x 4 product"
  Found 33 candidate images
  Selected: https://navalchicolino.com/wp-content/uploads/2023/04/bx1000-1.jpg... (218KB)
  ✓ Uploaded: https://d2gzblg3wmeecj.cloudfront.net/products/6969060dc47396962b81b3ac/1775766936603-product.jpg

[132] ConcreteDrill  Shank Plus 12 (24-0011)
  Search query: "Tornilleria ConcreteDrill Shank Plus 12 product"
  Found 33 candidate images
  Selected: https://images.thdstatic.com/productImages/f5805f5d-a470-4a57-a1d7-cad505683452/... (23KB)
  ✓ Uploaded: https://d2gzblg3wmeecj.cloudfront.net/products/6969060dc47396962b81b3ad/1775766939572-product.jpg

[133] TCT Hole Saw 1/2" 12mm (24-0012-1)
  Search query: "Tornilleria TCT Hole Saw 1/2" 12mm product"
  Found 30 candidate images
  Selected: https://m.media-amazon.com/images/I/718c4uiw8PL.jpg... (131KB)
  ✓ Uploaded: https://d2gzblg3wmeecj.cloudfront.net/products/6969060dc47396962b81b3ae/1775766942614-product.jpg

[134] Solar Flood Light 100w Global (21-GESEGTK03-100)
  Search query: "Global Solar Flood Light 100w Global 100W product"
  Found 35 candidate images
  Selected: https://www-konga-com-res.cloudinary.com/f_auto,fl_lossy,dpr_auto,q_auto/media/c... (30KB)
  ✓ Uploaded: https://d2gzblg3wmeecj.cloudfront.net/products/6969060dc47396962b81b3af/1775766945898-product.jpg

[135] TCT Hole Saw 7/8'' Con 1/2 (24-0013)
  Search query: "Tornilleria TCT Hole Saw 7/8'' Con 1/2 product"
  Found 32 candidate images
  Selected: https://images.thdstatic.com/productImages/9c137392-e241-40bf-bb2e-d13fcf6ef7c8/... (18KB)
  ✓ Uploaded: https://d2gzblg3wmeecj.cloudfront.net/products/6969060dc47396962b81b3b0/1775766948784-product.jpg

[136] TCT Hole Saw Metal 3/4 19mm (24-0014)
  Search query: "Tornilleria TCT Hole Saw Metal 3/4 19mm product"
  Found 33 candidate images
  Selected: https://m.media-amazon.com/images/I/71n5tyfp2iL._AC_UL960_FMwebp_QL65_.jpg... (47KB)
  ✓ Uploaded: https://d2gzblg3wmeecj.cloudfront.net/products/6969060dc47396962b81b3b1/1775766952306-product.webp

[137] Adapter Spline Makita a SDS Pl (24-0085)
  Search query: "Tornilleria Adapter Spline Makita a SDS Pl product"
  Found 32 candidate images
  Selected: https://www.cpooutlets.com/on/demandware.static/-/Sites-cpo-master-catalog/defau... (9KB)
  ✓ Uploaded: https://d2gzblg3wmeecj.cloudfront.net/products/6969060ec47396962b81b3fd/1775766955249-product.jpg

[138] Barra Terminal 400A-600V (24-BT400/600V)
  Search query: "24-Barterm400 Barra Terminal 400A-600V 400A-600V product"
  Found 33 candidate images
  Selected: https://www.terminalblockmanufacturer.com/shining/Archive/_eng/TB-400-Panel-Moun... (176KB)
  ✓ Uploaded: https://d2gzblg3wmeecj.cloudfront.net/products/6969060ec47396962b81b416/1775766958556-product.jpg

[139] Chisel Rod Group to 3/4 (24-CHISEL-ROD)
  Search query: "24-Chisel Rod Chisel Rod Group to 3/4 product"
  Found 34 candidate images
  Selected: https://web.tradekorea.com/product/848/2125848/Korean_Special_Chisel___Rod_for_H... (358KB)
  ✓ Uploaded: https://d2gzblg3wmeecj.cloudfront.net/products/6969060ec47396962b81b417/1775766962531-product.png

── Page 8 (20 products) ──

[140] Tolsen SDS Barrena 3/4 x 12'' (29-74641)
  Search query: "Herramienta Tolsen SDS Barrena 3/4 x 12'' product"
  Found 35 candidate images
  Selected: https://www.marshalonline.co.za/userfiles-marshaltools/images/products/600x600/6... (21KB)
  ✓ Uploaded: https://d2gzblg3wmeecj.cloudfront.net/products/6969060ec47396962b81b4cb/1775766966304-product.jpg

[141] IPBB-NA2/0-2D (3078503739842)
  Search query: "Pennunion IPBB-NA2/0-2D product"
  Found 33 candidate images
  Selected: https://m.media-amazon.com/images/I/61xhGgoZJkL.__AC_SY300_SX300_QL70_ML2_.jpg... (6KB)
  ✓ Uploaded: https://d2gzblg3wmeecj.cloudfront.net/products/6969060ec47396962b81b4eb/1775766970325-product.jpg

[142] Shield Mini Split 18-36 btu (720389451780)
  Search query: "Mini Split Shield Mini Split 18-36 btu product"
  Found 27 candidate images
  Selected: https://images.thdstatic.com/productImages/53e4cead-2cd6-49b7-9dc9-9491cc98ec5b/... (16KB)
  ✓ Uploaded: https://d2gzblg3wmeecj.cloudfront.net/products/6969060ec47396962b81b4f3/1775766973664-product.jpg

[143] Punta Robertson #2 x 2 (7310202)
  Search query: "Tornilleria Punta Robertson #2 x 2 product"
  Found 34 candidate images
  Selected: https://www.egusaindustrial.com/wp-content/uploads/2023/11/05066410001.jpg... (43KB)
  ✓ Uploaded: https://d2gzblg3wmeecj.cloudfront.net/products/6969060ec47396962b81b4f4/1775766977560-product.jpg

[144] Punta Robertson #2 x 4 (7310402)
  Search query: "Tornilleria Punta Robertson #2 x 4 product"
  Found 35 candidate images
  Selected: http://www.lewonski.com/sites/default/files/productos_ws/0600303-01.jpg... (58KB)
  ✓ Uploaded: https://d2gzblg3wmeecj.cloudfront.net/products/6969060ec47396962b81b4f5/1775766982473-product.jpg

[145] LED Ceiling Round 8" 18w 6000k (7453087834090)
  Search query: "14-HU-EL-1883 LED Ceiling Round 8" 18w 6000k 6000k product"
  Found 33 candidate images
  Selected: https://www.vision-lighting.co.uk/imagecache/e5ef3b57-fd19-4f05-84fc-a9d600c7868... (45KB)
  ✓ Uploaded: https://d2gzblg3wmeecj.cloudfront.net/products/6969060ec47396962b81b4f6/1775766985844-product.jpg

[146] Ceiling Fixture 24w LED (7453087849926)
  Search query: "14-HU-EL-1925 Ceiling Fixture 24w LED product"
  Found 31 candidate images
  Selected: https://images.thdstatic.com/productImages/b38d27bc-7bf3-4c56-a80a-11b325718c6a/... (16KB)
  ✓ Uploaded: https://d2gzblg3wmeecj.cloudfront.net/products/6969060ec47396962b81b4f7/1775766988766-product.jpg

[147] Max 180w 2050lm (761245028074)
  Search query: "Solar Brazo Max 180w 2050lm 180 product"
  Found 34 candidate images
  Selected: https://m.media-amazon.com/images/S/aplus-media-library-service-media/2a054c57-e... (505KB)
  ✓ Uploaded: https://d2gzblg3wmeecj.cloudfront.net/products/6969060ec47396962b81b4f8/1775766991656-product.jpg

[148] Mr LED 4en1 Multifuncional (761245056640)
  Search query: "Iluminacion Mr LED 4en1 Multifuncional product"
  Found 33 candidate images
  Selected: https://d20f60vzbd93dl.cloudfront.net/uploads/tienda_003182/tienda_003182_77b862... (108KB)
  ✓ Uploaded: https://d2gzblg3wmeecj.cloudfront.net/products/6969060ec47396962b81b4f9/1775766994885-product.jpg

[149] Pro Street 15w 1600lm (769102884511)
  Search query: "Solar Brazo Pro Street 15w 1600lm 600 product"
  Found 34 candidate images
  Selected: https://cpc.farnell.com/productimages/large/en_GB/LA08850-40.jpg... (43KB)
  ✓ Uploaded: https://d2gzblg3wmeecj.cloudfront.net/products/6969060ec47396962b81b4fa/1775766998361-product.jpg

[150] Greenlee Extended DTAP KIT (783310009092)
  Search query: "09-0178 Greenlee Extended DTAP KIT product"
  Found 35 candidate images
  Selected: https://images.thdstatic.com/productImages/bd624916-30d3-4b22-bf3f-3faf0d141bb6/... (24KB)
  ✓ Uploaded: https://d2gzblg3wmeecj.cloudfront.net/products/6969060ec47396962b81b4fb/1775767001476-product.jpg

[151] Tolsen Digital Clamp Meter 100 (29-38035)
  Search query: "Herramienta Tolsen Digital Clamp Meter 100 1000V product"
  Found 32 candidate images
  Selected: https://ds.rokomari.store/rokomari110/ProductNew20190903/260X372/Tolsen_Digital_... (601KB)
  ✓ Uploaded: https://d2gzblg3wmeecj.cloudfront.net/products/6969060ec47396962b81b4fc/1775767010159-product.png

[152] GL - 015311C Driver 1/4 x 4 (783310546443)
  Search query: "09-0189 GL - 015311C Driver 1/4 x 4 015311C product"
  Found 28 candidate images
  Selected: https://mobileimages.lowes.com/productimages/3df43c87-fafa-48ef-9922-55090f77d97... (164KB)
  ✓ Uploaded: https://d2gzblg3wmeecj.cloudfront.net/products/6969060ec47396962b81b4fd/1775767014075-product.jpg

[153] GL - 015312C Driver Flat 1/4x6 (783310546450)
  Search query: "09-0190 GL - 015312C Driver Flat 1/4x6 015312C product"
  Found 33 candidate images
  Selected: https://images.thdstatic.com/productImages/42ffc3d7-94f3-45e7-b6af-2d911928c404/... (64KB)
  ✓ Uploaded: https://d2gzblg3wmeecj.cloudfront.net/products/6969060ec47396962b81b4fe/1775767016992-product.jpg

[154] GL- 015302C SET DRIVER 7 PC (783310546610)
  Search query: "09-0186 GL- 015302C SET DRIVER 7 PC 015302C product"
  Found 33 candidate images
  Selected: http://www.tylertool.com/on/demandware.static/-/Sites-cpo-master-catalog/default... (52KB)
  ✓ Uploaded: https://d2gzblg3wmeecj.cloudfront.net/products/6969060ec47396962b81b500/1775767020057-product.jpg

[155] Greenlee 025211 Cable Ripper (783310563006)
  Search query: "09-0187 Greenlee 025211 Cable Ripper 025211 product"
  Found 33 candidate images
  Selected: https://mobileimages.lowes.com/product/converted/783310/783310123682.jpg... (44KB)
  ✓ Uploaded: https://d2gzblg3wmeecj.cloudfront.net/products/6969060ec47396962b81b501/1775767023335-product.jpg

[156] Lutron Maestro Multi 150w Wh (784276010658)
  Search query: "Wiring Devices Lutron Maestro Multi 150w Wh 150w product"
  Found 35 candidate images
  Selected: https://images.thdstatic.com/productImages/a4caa0f3-1cd8-497f-80ed-ed2a36743ff1/... (70KB)
  ✓ Uploaded: https://d2gzblg3wmeecj.cloudfront.net/products/6969060ec47396962b81b502/1775767026361-product.jpg

[157] XMERS 50kva4800/8320 120/240SS (SO-0010)
  Search query: "Material de Linea XMERS 50kva4800/8320 120/240SS 4800 product"
  Found 35 candidate images
  Selected: https://cdn.radwell.com/productlargeimages/80d2b8b6d81c452ebf086e8c4cc7afd4.jpg... (336KB)
  ✓ Uploaded: https://d2gzblg3wmeecj.cloudfront.net/products/6969060ec47396962b81b551/1775767029872-product.jpg

[158] XMERS 75KVA4800/8320 120/240SS (SO-0021)
  Search query: "Material de Linea XMERS 75KVA4800/8320 120/240SS 4800 product"
  Found 34 candidate images
  Selected: https://cdn11.bigcommerce.com/s-mqh4luvbht/images/stencil/1280x1280/products/162... (50KB)
  ✓ Uploaded: https://d2gzblg3wmeecj.cloudfront.net/products/6969060ec47396962b81b554/1775767033046-product.jpg

[159] PM75kva7620/13200120/240 SS (SO-0025)
  Search query: "Material de Linea PM75kva7620/13200120/240 SS 7620 product"
  Found 31 candidate images
  All candidates failed to download
  ✗ No image found

=== Summary ===
Success: 302
Failed:  4
Skipped: 1
Log saved to: C:\Users\aivin\Downloads\multi-main\multi-main\scrape-log.json
